<?xml version="1.0" encoding="UTF-8"?>
<testng-results skipped="0" failed="0" ignored="0" total="1" passed="1">
  <reporter-output>
  </reporter-output>
  <suite name="Suite" duration-ms="30349" started-at="2018-12-25T00:47:40Z" finished-at="2018-12-25T00:48:11Z">
    <groups>
    </groups>
    <test name="chrome" duration-ms="30349" started-at="2018-12-25T00:47:40Z" finished-at="2018-12-25T00:48:11Z">
      <class name="com.selenium.gmail.GmailTest">
        <test-method status="PASS" signature="beforeTest()[pri:0, instance:com.selenium.gmail.GmailTest@1bce4f0a]" name="beforeTest" is-config="true" duration-ms="16" started-at="2018-12-25T00:47:40Z" finished-at="2018-12-25T00:47:40Z">
          <reporter-output>
          </reporter-output>
        </test-method> <!-- beforeTest -->
        <test-method status="PASS" signature="beforeClass(java.lang.String)[pri:0, instance:com.selenium.gmail.GmailTest@1bce4f0a]" name="beforeClass" is-config="true" duration-ms="6510" started-at="2018-12-25T00:47:40Z" finished-at="2018-12-25T00:47:47Z">
          <params>
            <param index="0">
              <value>
                <![CDATA[chrome]]>
              </value>
            </param>
          </params>
          <reporter-output>
          </reporter-output>
        </test-method> <!-- beforeClass -->
        <test-method status="PASS" signature="test()[pri:0, instance:com.selenium.gmail.GmailTest@1bce4f0a]" name="test" duration-ms="23773" started-at="2018-12-25T00:47:47Z" finished-at="2018-12-25T00:48:11Z">
          <reporter-output>
          </reporter-output>
        </test-method> <!-- test -->
        <test-method status="PASS" signature="afterTest()[pri:0, instance:com.selenium.gmail.GmailTest@1bce4f0a]" name="afterTest" is-config="true" duration-ms="1" started-at="2018-12-25T00:48:11Z" finished-at="2018-12-25T00:48:11Z">
          <reporter-output>
          </reporter-output>
        </test-method> <!-- afterTest -->
      </class> <!-- com.selenium.gmail.GmailTest -->
    </test> <!-- chrome -->
  </suite> <!-- Suite -->
</testng-results>
